This is e-pTeX, Version 3.14159265-p3.7-160201-2.6 (utf8.euc) (TeX Live 2016) (preloaded format=platex 2017.2.23)  23 FEB 2017 15:03
entering extended mode
 restricted \write18 enabled.
 %&-line parsing enabled.
**jj_template_161006..tex
(./jjap_template_161006.tex
pLaTeX2e <2016/11/29> (based on LaTeX2e <2017/01/01> patch level 2)
Babel <3.9r> and hyphenation patterns for 83 language(s) loaded.

! LaTeX Error: File `jjap3.cls' not found.

Type X to quit or <RETURN> to proceed,
or enter new name. (Default extension: cls)

Enter file name: jjap_tempate_161006

! LaTeX Error: File `jjap_tempate_161006.cls' not found.

Type X to quit or <RETURN> to proceed,
or enter new name. (Default extension: cls)

Enter file name: syou

! LaTeX Error: File `syou.cls' not found.

Type X to quit or <RETURN> to proceed,
or enter new name. (Default extension: cls)

Enter file name: X

 )
(\end occurred when \ifx on line 2 was incomplete)
(\end occurred when \ifx on line 2 was incomplete)
(\end occurred when \ifx on line 2 was incomplete)
(\end occurred when \ifx on line 2 was incomplete) 
Here is how much of TeX's memory you used:
 13 strings out of 493683
 203 string characters out of 6149653
 54917 words of memory out of 5000000
 3674 multiletter control sequences out of 15000+600000
 7511 words of font info for 31 fonts, out of 8000000 for 9000
 929 hyphenation exceptions out of 8191
 12i,0n,9p,66b,8s stack positions out of 5000i,500n,10000p,200000b,80000s

No pages of output.
