This is e-pTeX, Version 3.14159265-p3.8.0-180226-2.6 (utf8.euc) (TeX Live 2018) (preloaded format=platex 2018.12.11)  29 JAN 2019 04:28
entering extended mode
 restricted \write18 enabled.
 %&-line parsing enabled.
**thesis.tex
(./thesis.tex
pLaTeX2e <2018-04-01>+1 (based on LaTeX2e <2018-04-01> patch level 2)
Babel <3.18> and hyphenation patterns for 84 language(s) loaded.
(./nagasaki.cls
Document Class: nagasaki 2002/01/09 長崎大学卒論
(/usr/local/texlive/2018/texmf-dist/tex/platex/base/jreport.cls
Document Class: jreport 2018/02/04 v1.7h Standard pLaTeX class
\c@@paper=\count83
(/usr/local/texlive/2018/texmf-dist/tex/platex/base/jsize10.clo
File: jsize10.clo 2018/02/04 v1.7h Standard pLaTeX file (size option)
)
\c@part=\count84
\c@chapter=\count85
\c@section=\count86
\c@subsection=\count87
\c@subsubsection=\count88
\c@paragraph=\count89
\c@subparagraph=\count90
\c@figure=\count91
\c@table=\count92
\abovecaptionskip=\skip41
\belowcaptionskip=\skip42
\symmincho=\mathgroup4
LaTeX Font Info:    Overwriting symbol font `mincho' in version `bold'
(Font)                  JY1/mc/m/n --> JY1/gt/m/n on input line 703.
\toclineskip=\dimen118
\@lnumwidth=\dimen119
\bibindent=\dimen120
\heisei=\count93
))
(/usr/local/texlive/2018/texmf-dist/tex/latex/tools/bm.sty
Package: bm 2017/01/16 v1.2c Bold Symbol Support (DPC/FMi)
\symboldoperators=\mathgroup5
\symboldletters=\mathgroup6
\symboldsymbols=\mathgroup7
\symboldmincho=\mathgroup8
LaTeX Font Info:    Redeclaring math alphabet \mathbf on input line 141.
LaTeX Info: Redefining \bm on input line 207.
)
(/usr/local/texlive/2018/texmf-dist/tex/latex/graphics/graphicx.sty
Package: graphicx 2017/06/01 v1.1a Enhanced LaTeX Graphics (DPC,SPQR)

(/usr/local/texlive/2018/texmf-dist/tex/latex/graphics/keyval.sty
Package: keyval 2014/10/28 v1.15 key=value parser (DPC)
\KV@toks@=\toks15
)
(/usr/local/texlive/2018/texmf-dist/tex/latex/graphics/graphics.sty
Package: graphics 2017/06/25 v1.2c Standard LaTeX Graphics (DPC,SPQR)

(/usr/local/texlive/2018/texmf-dist/tex/latex/graphics/trig.sty
Package: trig 2016/01/03 v1.10 sin cos tan (DPC)
)
(/usr/local/texlive/2018/texmf-dist/tex/latex/graphics-cfg/graphics.cfg
File: graphics.cfg 2016/06/04 v1.11 sample graphics configuration
)
Package graphics Info: Driver file: dvips.def on input line 99.

(/usr/local/texlive/2018/texmf-dist/tex/latex/graphics-def/dvips.def
File: dvips.def 2017/06/20 v3.1d Graphics/color driver for dvips
))
\Gin@req@height=\dimen121
\Gin@req@width=\dimen122
)
(/usr/local/texlive/2018/texmf-dist/tex/latex/subfigure/subfigure.sty
Package: subfigure 2002/03/15 v2.1.5 subfigure package
\subfigtopskip=\skip43
\subfigcapskip=\skip44
\subfigcaptopadj=\dimen123
\subfigbottomskip=\skip45
\subfigcapmargin=\dimen124
\subfiglabelskip=\skip46
\c@subfigure=\count94
\c@lofdepth=\count95
\c@subtable=\count96
\c@lotdepth=\count97

****************************************
* Local config file subfigure.cfg used *
****************************************
(/usr/local/texlive/2018/texmf-dist/tex/latex/subfigure/subfigure.cfg)
\subfig@top=\skip47
\subfig@bottom=\skip48
)
(/usr/local/texlive/2018/texmf-dist/tex/latex/tools/tabularx.sty
Package: tabularx 2016/02/03 v2.11b `tabularx' package (DPC)

(/usr/local/texlive/2018/texmf-dist/tex/latex/tools/array.sty
Package: array 2018/04/07 v2.4g Tabular extension package (FMi)
\col@sep=\dimen125
\ar@mcellbox=\box42
\extrarowheight=\dimen126
\NC@list=\toks16
\extratabsurround=\skip49
\backup@length=\skip50
\ar@cellbox=\box43
)
\TX@col@width=\dimen127
\TX@old@table=\dimen128
\TX@old@col=\dimen129
\TX@target=\dimen130
\TX@delta=\dimen131
\TX@cols=\count98
\TX@ftn=\toks17
)
(/usr/local/texlive/2018/texmf-dist/tex/latex/multirow/multirow.sty
Package: multirow 2016/11/25 v2.2 Span multiple rows of a table
\multirow@colwidth=\skip51
\multirow@cntb=\count99
\multirow@dima=\skip52
\bigstrutjot=\dimen132
)
(/usr/local/texlive/2018/texmf-dist/tex/latex/amsfonts/amssymb.sty
Package: amssymb 2013/01/14 v3.01 AMS font symbols

(/usr/local/texlive/2018/texmf-dist/tex/latex/amsfonts/amsfonts.sty
Package: amsfonts 2013/01/14 v3.01 Basic AMSFonts support
\@emptytoks=\toks18
\symAMSa=\mathgroup9
\symAMSb=\mathgroup10
LaTeX Font Info:    Overwriting math alphabet `\mathfrak' in version `bold'
(Font)                  U/euf/m/n --> U/euf/b/n on input line 106.
))
(/usr/local/texlive/2018/texmf-dist/tex/latex/base/latexsym.sty
Package: latexsym 1998/08/17 v2.2e Standard LaTeX package (lasy symbols)
\symlasy=\mathgroup11
LaTeX Font Info:    Overwriting symbol font `lasy' in version `bold'
(Font)                  U/lasy/m/n --> U/lasy/b/n on input line 52.
)
(/usr/local/texlive/2018/texmf-dist/tex/latex/amsmath/amsmath.sty
Package: amsmath 2017/09/02 v2.17a AMS math features
\@mathmargin=\skip53

For additional information on amsmath, use the `?' option.
(/usr/local/texlive/2018/texmf-dist/tex/latex/amsmath/amstext.sty
Package: amstext 2000/06/29 v2.01 AMS text

(/usr/local/texlive/2018/texmf-dist/tex/latex/amsmath/amsgen.sty
File: amsgen.sty 1999/11/30 v2.0 generic functions
\@emptytoks=\toks19
\ex@=\dimen133
))
(/usr/local/texlive/2018/texmf-dist/tex/latex/amsmath/amsbsy.sty
Package: amsbsy 1999/11/29 v1.2d Bold Symbols
LaTeX Info: Redefining \boldsymbol on input line 28.
\pmbraise@=\dimen134
)
(/usr/local/texlive/2018/texmf-dist/tex/latex/amsmath/amsopn.sty
Package: amsopn 2016/03/08 v2.02 operator names
)
\inf@bad=\count100
LaTeX Info: Redefining \frac on input line 213.
\uproot@=\count101
\leftroot@=\count102
LaTeX Info: Redefining \overline on input line 375.
\classnum@=\count103
\DOTSCASE@=\count104
LaTeX Info: Redefining \ldots on input line 472.
LaTeX Info: Redefining \dots on input line 475.
LaTeX Info: Redefining \cdots on input line 596.
\Mathstrutbox@=\box44
\strutbox@=\box45
\big@size=\dimen135
LaTeX Font Info:    Redeclaring font encoding OML on input line 712.
LaTeX Font Info:    Redeclaring font encoding OMS on input line 713.
\macc@depth=\count105
\c@MaxMatrixCols=\count106
\dotsspace@=\muskip10
\c@parentequation=\count107
\dspbrk@lvl=\count108
\tag@help=\toks20
\row@=\count109
\column@=\count110
\maxfields@=\count111
\andhelp@=\toks21
\eqnshift@=\dimen136
\alignsep@=\dimen137
\tagshift@=\dimen138
\tagwidth@=\dimen139
\totwidth@=\dimen140
\lineht@=\dimen141
\@envbody=\toks22
\multlinegap=\skip54
\multlinetaggap=\skip55
\mathdisplay@stack=\toks23
LaTeX Info: Redefining \[ on input line 2817.
LaTeX Info: Redefining \] on input line 2818.
)
(/usr/local/texlive/2018/texmf-dist/tex/latex/here/here.sty)
(/usr/local/texlive/2018/texmf-dist/tex/latex/float/float.sty
Package: float 2001/11/08 v1.3d Float enhancements (AL)
\c@float@type=\count112
\float@exts=\toks24
\float@box=\box46
\@float@everytoks=\toks25
\@floatcapt=\box47
)
(/usr/local/texlive/2018/texmf-dist/tex/latex/comment/comment.sty
\CommentStream=\write3

Excluding comment 'comment')

LaTeX Warning: Unused global option(s):
    [16pt].

(./thesis.aux

LaTeX Warning: Label `section:detail_train_news' multiply defined.


LaTeX Warning: Label `calc:fmeasure' multiply defined.


LaTeX Warning: Label `fig:HMM' multiply defined.

)
\openout1 = `thesis.aux'.

LaTeX Font Info:    Checking defaults for OML/cmm/m/it on input line 25.
LaTeX Font Info:    ... okay on input line 25.
LaTeX Font Info:    Checking defaults for T1/cmr/m/n on input line 25.
LaTeX Font Info:    ... okay on input line 25.
LaTeX Font Info:    Checking defaults for OT1/cmr/m/n on input line 25.
LaTeX Font Info:    ... okay on input line 25.
LaTeX Font Info:    Checking defaults for OMS/cmsy/m/n on input line 25.
LaTeX Font Info:    ... okay on input line 25.
LaTeX Font Info:    Checking defaults for OMX/cmex/m/n on input line 25.
LaTeX Font Info:    ... okay on input line 25.
LaTeX Font Info:    Checking defaults for U/cmr/m/n on input line 25.
LaTeX Font Info:    ... okay on input line 25.
LaTeX Font Info:    Checking defaults for JY1/mc/m/n on input line 25.
LaTeX Font Info:    ... okay on input line 25.
LaTeX Font Info:    Checking defaults for JT1/mc/m/n on input line 25.
LaTeX Font Info:    ... okay on input line 25.
LaTeX Font Info:    Try loading font information for U+msa on input line 26.
 (/usr/local/texlive/2018/texmf-dist/tex/latex/amsfonts/umsa.fd
File: umsa.fd 2013/01/14 v3.01 AMS symbols A
)
LaTeX Font Info:    Try loading font information for U+msb on input line 26.

(/usr/local/texlive/2018/texmf-dist/tex/latex/amsfonts/umsb.fd
File: umsb.fd 2013/01/14 v3.01 AMS symbols B
)
LaTeX Font Info:    Try loading font information for U+lasy on input line 26.

(/usr/local/texlive/2018/texmf-dist/tex/latex/base/ulasy.fd
File: ulasy.fd 1998/08/17 v2.2e LaTeX symbol font definitions
)
LaTeX Font Info:    Font shape `JT1/mc/bx/n' in size <20.74> not available
(Font)              Font shape `JT1/gt/m/n' tried instead on input line 26.
LaTeX Font Info:    Font shape `JY1/mc/bx/n' in size <20.74> not available
(Font)              Font shape `JY1/gt/m/n' tried instead on input line 26.
 [0

] (./thesis.toc
LaTeX Font Info:    Font shape `JT1/mc/bx/n' in size <10> not available
(Font)              Font shape `JT1/gt/m/n' tried instead on input line 1.
LaTeX Font Info:    Font shape `JY1/mc/bx/n' in size <10> not available
(Font)              Font shape `JY1/gt/m/n' tried instead on input line 1.

[1


])
\tf@toc=\write4
\openout4 = `thesis.toc'.

 [2] (./thesis.lof [3

])
\tf@lof=\write5
\openout5 = `thesis.lof'.

 [4] (./thesis.lot
Overfull \hbox (11.4969pt too wide) in paragraph at lines 14--14
 [][] []\JY1/mc/m/n/10 手法 \OT1/cmr/m/n/10 1 \JY1/mc/m/n/10 による各ニ ュ ース
番組音声のアンカ ーの発話区間検出精度 \OT1/cmr/m/n/10 ($\OML/cmm/m/it/10 Th[] \
OT1/cmr/m/n/10 = 0\OML/cmm/m/it/10 :\OT1/cmr/m/n/10 6\OML/cmm/m/it/10 ; Th[] \O
T1/cmr/m/n/10 = 
 []


Overfull \hbox (11.4969pt too wide) in paragraph at lines 16--16
 [][] []\JY1/mc/m/n/10 手法 \OT1/cmr/m/n/10 3 \JY1/mc/m/n/10 による各ニ ュ ース
番組音声のアンカ ーの発話区間検出精度 \OT1/cmr/m/n/10 ($\OML/cmm/m/it/10 Th[] \
OT1/cmr/m/n/10 = 0\OML/cmm/m/it/10 :\OT1/cmr/m/n/10 6\OML/cmm/m/it/10 ; Th[] \O
T1/cmr/m/n/10 = 
 []

)
\tf@lot=\write6
\openout6 = `thesis.lot'.

 [5

] (./chapter1.tex
第 1 章
LaTeX Font Info:    Font shape `JT1/mc/bx/n' in size <14.4> not available
(Font)              Font shape `JT1/gt/m/n' tried instead on input line 2.
LaTeX Font Info:    Font shape `JY1/mc/bx/n' in size <14.4> not available
(Font)              Font shape `JY1/gt/m/n' tried instead on input line 2.
[1


]) (./chapter2.tex [2]
第 2 章
File: ./figure/indexing.eps Graphic file (type eps)
<./figure/indexing.eps> [3

] (./base/ivector.tex
LaTeX Font Info:    Font shape `JT1/mc/bx/n' in size <12> not available
(Font)              Font shape `JT1/gt/m/n' tried instead on input line 11.
LaTeX Font Info:    Font shape `JY1/mc/bx/n' in size <12> not available
(Font)              Font shape `JY1/gt/m/n' tried instead on input line 11.

Overfull \hbox (13.70119pt too wide) in paragraph at lines 12--14
[]\JY1/mc/m/n/10 準備として 、 \OT1/cmr/m/n/10 UBM \JY1/mc/m/n/10 に対する \OT1
/cmr/m/n/10 Baum-Welch \JY1/mc/m/n/10 統計量を計算することから始める 。 $\OML/c
mm/m/it/10 O[] \OT1/cmr/m/n/10 = []$\JY1/mc/m/n/10 、
 []

[4]
LaTeX Font Info:    Try loading font information for OMS+cmr on input line 78.
 (/usr/local/texlive/2018/texmf-dist/tex/latex/base/omscmr.fd
File: omscmr.fd 2014/09/29 v2.5h Standard LaTeX font definitions
)
LaTeX Font Info:    Font shape `OMS/cmr/m/n' in size <10> not available
(Font)              Font shape `OMS/cmsy/m/n' tried instead on input line 78.
 [5] [6]))
(./pre_research.tex [7]
第 3 章
(./base/pre_cos.tex [8

]
File: ./figure/same_cos_hist.eps Graphic file (type eps)
 <./figure/same_cos_hist.eps>
File: ./figure/same_cos_vari.eps Graphic file (type eps)

<./figure/same_cos_vari.eps> [9]
File: ./figure/other_cos_hist.eps Graphic file (type eps)
 <./figure/other_cos_hist.eps>
File: ./figure/other_cos_vari.eps Graphic file (type eps)

<./figure/other_cos_vari.eps> [10]) (./base/research_news.tex [11]
File: ./figure/pre_same1.eps Graphic file (type eps)

<./figure/pre_same1.eps>
Overfull \hbox (44.72874pt too wide) in paragraph at lines 58--59
 [] 
 []

[12]
File: ./figure/pre_other2.eps Graphic file (type eps)
 <./figure/pre_other2.eps>
Overfull \hbox (44.72874pt too wide) in paragraph at lines 65--66
 [] 
 []

[13]
File: ./figure/pre_other1.eps Graphic file (type eps)
 <./figure/pre_other1.eps>
Overfull \hbox (44.72874pt too wide) in paragraph at lines 72--73
 [] 
 []

[14])) (./base/get_anchor.tex [15]
第 4 章
[16

] (./prob_method.tex
File: ./figure/indexing2.eps Graphic file (type eps)
 <./figure/indexing2.eps> [17]) [18] [19] [20]
File: ./figure/baseline.eps Graphic file (type eps)

<./figure/baseline.eps>
Overfull \hbox (48.24187pt too wide) in paragraph at lines 144--145
 [] 
 []

File: ./figure/prob1_12.eps Graphic file (type eps)
<./figure/prob1_12.eps>
Overfull \hbox (48.24187pt too wide) in paragraph at lines 165--166
 [] 
 []

[21]
File: ./figure/prob2.eps Graphic file (type eps)
 <./figure/prob2.eps>
Overfull \hbox (48.24187pt too wide) in paragraph at lines 186--187
 [] 
 []

[22]
File: ./figure/prob3_13.eps Graphic file (type eps)
 <./figure/prob3_13.eps>
Overfull \hbox (48.24187pt too wide) in paragraph at lines 207--208
 [] 
 []

[23] [24]) (./matome.tex [25]
第 5 章
) (./ack.tex [26

]) (./ref.tex [27

]) (./appendix.tex
(./base/pre_search_speech_time.tex [28

]
付録 A  
(./base/devide_audio.tex [29

] [30] [31]) [32] [33] [34] [35])
(./result_anchor_append.tex [36]
付録 B  
File: ./figure/prob1_08.eps Graphic file (type eps)
<./figure/prob1_08.eps>
Overfull \hbox (48.24187pt too wide) in paragraph at lines 5--6
 [] 
 []

File: ./figure/prob1_09.eps Graphic file (type eps)
<./figure/prob1_09.eps>
Overfull \hbox (48.24187pt too wide) in paragraph at lines 12--13
 [] 
 []

[37

]
File: ./figure/prob1_10.eps Graphic file (type eps)
 <./figure/prob1_10.eps>
Overfull \hbox (48.24187pt too wide) in paragraph at lines 19--20
 [] 
 []

File: ./figure/prob1_11.eps Graphic file (type eps)
<./figure/prob1_11.eps>
Overfull \hbox (48.24187pt too wide) in paragraph at lines 26--27
 [] 
 []

[38]
File: ./figure/prob1_13.eps Graphic file (type eps)
 <./figure/prob1_13.eps>
Overfull \hbox (48.24187pt too wide) in paragraph at lines 33--34
 [] 
 []

File: ./figure/prob1_14.eps Graphic file (type eps)
<./figure/prob1_14.eps>
Overfull \hbox (48.24187pt too wide) in paragraph at lines 40--41
 [] 
 []

[39]
File: ./figure/prob1_15.eps Graphic file (type eps)
 <./figure/prob1_15.eps>
Overfull \hbox (48.24187pt too wide) in paragraph at lines 47--48
 [] 
 []

File: ./figure/prob3_08.eps Graphic file (type eps)
<./figure/prob3_08.eps>
Overfull \hbox (48.24187pt too wide) in paragraph at lines 54--55
 [] 
 []

[40]
File: ./figure/prob3_09.eps Graphic file (type eps)
 <./figure/prob3_09.eps>
Overfull \hbox (48.24187pt too wide) in paragraph at lines 61--62
 [] 
 []

File: ./figure/prob3_10.eps Graphic file (type eps)
<./figure/prob3_10.eps>
Overfull \hbox (48.24187pt too wide) in paragraph at lines 68--69
 [] 
 []

[41]
File: ./figure/prob3_11.eps Graphic file (type eps)
 <./figure/prob3_11.eps>
Overfull \hbox (48.24187pt too wide) in paragraph at lines 75--76
 [] 
 []

File: ./figure/prob3_12.eps Graphic file (type eps)
<./figure/prob3_12.eps>
Overfull \hbox (48.24187pt too wide) in paragraph at lines 82--83
 [] 
 []

[42]
File: ./figure/prob3_14.eps Graphic file (type eps)
 <./figure/prob3_14.eps>
Overfull \hbox (48.24187pt too wide) in paragraph at lines 89--90
 [] 
 []

File: ./figure/prob3_15.eps Graphic file (type eps)
<./figure/prob3_15.eps>
Overfull \hbox (48.24187pt too wide) in paragraph at lines 96--97
 [] 
 []

) (./base/speach_recog.tex [43] [44]
付録 C  
(./base/speach_recognition.tex
File: ./figure/flow_sp.eps Graphic file (type eps)
 <./figure/flow_sp.eps>
Overfull \hbox (8.59375pt too wide) in paragraph at lines 7--8
 [] 
 []

[45

] [46]
File: ./figure/HMM.eps Graphic file (type eps)
 <./figure/HMM.eps> [47]
File: ./figure/structure_dnn.eps Graphic file (type eps)
 <./figure/structure_dnn.eps> [48]
File: ./figure/train_dnn.eps Graphic file (type eps)

<./figure/train_dnn.eps> [49])

LaTeX Warning: Reference `section:yoshimura_pre_clustering' on page 50 undefine
d on input line 4.

File: ./figure/yoshimura.eps Graphic file (type eps)
<./figure/yoshimura.eps> [50] [51]
File: ./figure/kana_onso.eps Graphic file (type eps)
 <./figure/kana_onso.eps>
Overfull \hbox (7.08626pt too wide) in paragraph at lines 71--72
 [] 
 []

[52] [53]
File: ./figure/kakiokosi.eps Graphic file (type eps)
 <./figure/kakiokosi.eps> [54]
File: ./figure/baseline_clustering.eps Graphic file (type eps)
 <./figure/baseline_clustering.eps>
File: ./figure/prob1_clustering.eps Graphic file (type eps)

<./figure/prob1_clustering.eps> [55]
File: ./figure/prob2_clustering.eps Graphic file (type eps)
 <./figure/prob2_clustering.eps>
File: ./figure/prob3_clustering.eps Graphic file (type eps)

<./figure/prob3_clustering.eps> [56])) [57] [58] (./thesis.aux)

LaTeX Warning: There were undefined references.


LaTeX Warning: There were multiply-defined labels.

 )
(\end occurred inside a group at level 1)

### simple group (level 1) entered at line 23 ({)
### bottom level 
Here is how much of TeX's memory you used:
 2443 strings out of 493281
 31914 string characters out of 6145040
 102087 words of memory out of 5000000
 6226 multiletter control sequences out of 15000+600000
 25700 words of font info for 103 fonts, out of 8000000 for 9000
 929 hyphenation exceptions out of 8191
 28i,17n,27p,1014b,399s stack positions out of 5000i,500n,10000p,200000b,80000s

Output written on thesis.dvi (64 pages, 188076 bytes).
